<?xml version="1.0" encoding="UTF-8"?>
<testsuite xmlns:xsi="http://www.w3.org/2001/XMLSchema-instance" xsi:noNamespaceSchemaLocation="https://maven.apache.org/surefire/maven-surefire-plugin/xsd/surefire-test-report.xsd" name="com.rictor.demo.AppTest" time="0.032" tests="1" errors="0" skipped="0" failures="0">
  <properties>
    <property name="sun.desktop" value="windows"/>
    <property name="awt.toolkit" value="sun.awt.windows.WToolkit"/>
    <property name="java.specification.version" value="11"/>
    <property name="sun.cpu.isalist" value="amd64"/>
    <property name="sun.jnu.encoding" value="Cp1252"/>
    <property name="java.class.path" value="C:\Users\allth\portfolio\server\demo\target\test-classes;C:\Users\allth\portfolio\server\demo\target\classes;C:\Users\allth\.m2\repository\junit\junit\4.11\junit-4.11.jar;C:\Users\allth\.m2\repository\org\hamcrest\hamcrest-core\1.3\hamcrest-core-1.3.jar;C:\Users\allth\.m2\repository\com\sparkjava\spark-core\2.7.1\spark-core-2.7.1.jar;C:\Users\allth\.m2\repository\org\slf4j\slf4j-api\1.7.13\slf4j-api-1.7.13.jar;C:\Users\allth\.m2\repository\org\eclipse\jetty\jetty-server\9.4.6.v20170531\jetty-server-9.4.6.v20170531.jar;C:\Users\allth\.m2\repository\javax\servlet\javax.servlet-api\3.1.0\javax.servlet-api-3.1.0.jar;C:\Users\allth\.m2\repository\org\eclipse\jetty\jetty-http\9.4.6.v20170531\jetty-http-9.4.6.v20170531.jar;C:\Users\allth\.m2\repository\org\eclipse\jetty\jetty-util\9.4.6.v20170531\jetty-util-9.4.6.v20170531.jar;C:\Users\allth\.m2\repository\org\eclipse\jetty\jetty-io\9.4.6.v20170531\jetty-io-9.4.6.v20170531.jar;C:\Users\allth\.m2\repository\org\eclipse\jetty\jetty-webapp\9.4.6.v20170531\jetty-webapp-9.4.6.v20170531.jar;C:\Users\allth\.m2\repository\org\eclipse\jetty\jetty-xml\9.4.6.v20170531\jetty-xml-9.4.6.v20170531.jar;C:\Users\allth\.m2\repository\org\eclipse\jetty\jetty-servlet\9.4.6.v20170531\jetty-servlet-9.4.6.v20170531.jar;C:\Users\allth\.m2\repository\org\eclipse\jetty\jetty-security\9.4.6.v20170531\jetty-security-9.4.6.v20170531.jar;C:\Users\allth\.m2\repository\org\eclipse\jetty\websocket\websocket-server\9.4.6.v20170531\websocket-server-9.4.6.v20170531.jar;C:\Users\allth\.m2\repository\org\eclipse\jetty\websocket\websocket-common\9.4.6.v20170531\websocket-common-9.4.6.v20170531.jar;C:\Users\allth\.m2\repository\org\eclipse\jetty\websocket\websocket-client\9.4.6.v20170531\websocket-client-9.4.6.v20170531.jar;C:\Users\allth\.m2\repository\org\eclipse\jetty\jetty-client\9.4.6.v20170531\jetty-client-9.4.6.v20170531.jar;C:\Users\allth\.m2\repository\org\eclipse\jetty\websocket\websocket-servlet\9.4.6.v20170531\websocket-servlet-9.4.6.v20170531.jar;C:\Users\allth\.m2\repository\org\eclipse\jetty\websocket\websocket-api\9.4.6.v20170531\websocket-api-9.4.6.v20170531.jar;C:\Users\allth\.m2\repository\org\json\json\20171018\json-20171018.jar;C:\Users\allth\.m2\repository\com\google\code\gson\gson\2.8.2\gson-2.8.2.jar;C:\Users\allth\.m2\repository\org\slf4j\slf4j-simple\1.7.25\slf4j-simple-1.7.25.jar;"/>
    <property name="java.vm.vendor" value="Oracle Corporation"/>
    <property name="sun.arch.data.model" value="64"/>
    <property name="user.variant" value=""/>
    <property name="java.vendor.url" value="http://java.oracle.com/"/>
    <property name="user.timezone" value="America/Denver"/>
    <property name="java.vm.specification.version" value="11"/>
    <property name="os.name" value="Windows 10"/>
    <property name="sun.java.launcher" value="SUN_STANDARD"/>
    <property name="user.country" value="US"/>
    <property name="sun.boot.library.path" value="C:\Program Files\Java\jdk-11.0.1\bin"/>
    <property name="sun.java.command" value="C:\Users\allth\AppData\Local\Temp\surefire1413728716557512507\surefirebooter13780707147020852391.jar C:\Users\allth\AppData\Local\Temp\surefire1413728716557512507 2019-01-05T17-34-41_108-jvmRun1 surefire1725632068985805371tmp surefire_05892402109458587875tmp"/>
    <property name="jdk.debug" value="release"/>
    <property name="surefire.test.class.path" value="C:\Users\allth\portfolio\server\demo\target\test-classes;C:\Users\allth\portfolio\server\demo\target\classes;C:\Users\allth\.m2\repository\junit\junit\4.11\junit-4.11.jar;C:\Users\allth\.m2\repository\org\hamcrest\hamcrest-core\1.3\hamcrest-core-1.3.jar;C:\Users\allth\.m2\repository\com\sparkjava\spark-core\2.7.1\spark-core-2.7.1.jar;C:\Users\allth\.m2\repository\org\slf4j\slf4j-api\1.7.13\slf4j-api-1.7.13.jar;C:\Users\allth\.m2\repository\org\eclipse\jetty\jetty-server\9.4.6.v20170531\jetty-server-9.4.6.v20170531.jar;C:\Users\allth\.m2\repository\javax\servlet\javax.servlet-api\3.1.0\javax.servlet-api-3.1.0.jar;C:\Users\allth\.m2\repository\org\eclipse\jetty\jetty-http\9.4.6.v20170531\jetty-http-9.4.6.v20170531.jar;C:\Users\allth\.m2\repository\org\eclipse\jetty\jetty-util\9.4.6.v20170531\jetty-util-9.4.6.v20170531.jar;C:\Users\allth\.m2\repository\org\eclipse\jetty\jetty-io\9.4.6.v20170531\jetty-io-9.4.6.v20170531.jar;C:\Users\allth\.m2\repository\org\eclipse\jetty\jetty-webapp\9.4.6.v20170531\jetty-webapp-9.4.6.v20170531.jar;C:\Users\allth\.m2\repository\org\eclipse\jetty\jetty-xml\9.4.6.v20170531\jetty-xml-9.4.6.v20170531.jar;C:\Users\allth\.m2\repository\org\eclipse\jetty\jetty-servlet\9.4.6.v20170531\jetty-servlet-9.4.6.v20170531.jar;C:\Users\allth\.m2\repository\org\eclipse\jetty\jetty-security\9.4.6.v20170531\jetty-security-9.4.6.v20170531.jar;C:\Users\allth\.m2\repository\org\eclipse\jetty\websocket\websocket-server\9.4.6.v20170531\websocket-server-9.4.6.v20170531.jar;C:\Users\allth\.m2\repository\org\eclipse\jetty\websocket\websocket-common\9.4.6.v20170531\websocket-common-9.4.6.v20170531.jar;C:\Users\allth\.m2\repository\org\eclipse\jetty\websocket\websocket-client\9.4.6.v20170531\websocket-client-9.4.6.v20170531.jar;C:\Users\allth\.m2\repository\org\eclipse\jetty\jetty-client\9.4.6.v20170531\jetty-client-9.4.6.v20170531.jar;C:\Users\allth\.m2\repository\org\eclipse\jetty\websocket\websocket-servlet\9.4.6.v20170531\websocket-servlet-9.4.6.v20170531.jar;C:\Users\allth\.m2\repository\org\eclipse\jetty\websocket\websocket-api\9.4.6.v20170531\websocket-api-9.4.6.v20170531.jar;C:\Users\allth\.m2\repository\org\json\json\20171018\json-20171018.jar;C:\Users\allth\.m2\repository\com\google\code\gson\gson\2.8.2\gson-2.8.2.jar;C:\Users\allth\.m2\repository\org\slf4j\slf4j-simple\1.7.25\slf4j-simple-1.7.25.jar;"/>
    <property name="sun.cpu.endian" value="little"/>
    <property name="user.home" value="C:\Users\allth"/>
    <property name="user.language" value="en"/>
    <property name="java.specification.vendor" value="Oracle Corporation"/>
    <property name="java.version.date" value="2018-10-16"/>
    <property name="java.home" value="C:\Program Files\Java\jdk-11.0.1"/>
    <property name="file.separator" value="\"/>
    <property name="basedir" value="C:\Users\allth\portfolio\server\demo"/>
    <property name="java.vm.compressedOopsMode" value="32-bit"/>
    <property name="line.separator" value="&#10;"/>
    <property name="java.specification.name" value="Java Platform API Specification"/>
    <property name="java.vm.specification.vendor" value="Oracle Corporation"/>
    <property name="java.awt.graphicsenv" value="sun.awt.Win32GraphicsEnvironment"/>
    <property name="surefire.real.class.path" value="C:\Users\allth\AppData\Local\Temp\surefire1413728716557512507\surefirebooter13780707147020852391.jar"/>
    <property name="user.script" value=""/>
    <property name="sun.management.compiler" value="HotSpot 64-Bit Tiered Compilers"/>
    <property name="java.runtime.version" value="11.0.1+13-LTS"/>
    <property name="user.name" value="allth"/>
    <property name="path.separator" value=";"/>
    <property name="os.version" value="10.0"/>
    <property name="java.runtime.name" value="Java(TM) SE Runtime Environment"/>
    <property name="file.encoding" value="Cp1252"/>
    <property name="java.vm.name" value="Java HotSpot(TM) 64-Bit Server VM"/>
    <property name="java.vendor.version" value="18.9"/>
    <property name="localRepository" value="C:\Users\allth\.m2\repository"/>
    <property name="java.vendor.url.bug" value="http://bugreport.java.com/bugreport/"/>
    <property name="java.io.tmpdir" value="C:\Users\allth\AppData\Local\Temp\"/>
    <property name="java.version" value="11.0.1"/>
    <property name="user.dir" value="C:\Users\allth\portfolio\server\demo"/>
    <property name="os.arch" value="amd64"/>
    <property name="java.vm.specification.name" value="Java Virtual Machine Specification"/>
    <property name="java.awt.printerjob" value="sun.awt.windows.WPrinterJob"/>
    <property name="sun.os.patch.level" value=""/>
    <property name="java.library.path" value="C:\Program Files\Java\jdk-11.0.1\bin;C:\Windows\Sun\Java\bin;C:\Windows\system32;C:\Windows;C:\Program Files (x86)\Intel\iCLS Client\;C:\Program Files\Intel\iCLS Client\;C:\Windows\system32;C:\Windows;C:\Windows\System32\Wbem;C:\Windows\System32\WindowsPowerShell\v1.0\;C:\Windows\System32\OpenSSH\;C:\Program Files (x86)\Intel\Intel(R) Management Engine Components\DAL;C:\Program Files\Intel\Intel(R) Management Engine Components\DAL;C:\Program Files (x86)\Intel\Intel(R) Management Engine Components\IPT;C:\Program Files\Intel\Intel(R) Management Engine Components\IPT;C:\Program Files\Intel\WiFi\bin\;C:\Program Files\Common Files\Intel\WirelessCommon\;C:\Program Files\nodejs\;C:\Program Files\Java\jdk-11.0.1\bin;C:\Program Files\Apache Maven\apache-maven-3.5.0\bin;C:\Users\allth\AppData\Local\Microsoft\WindowsApps;C:\Users\allth\AppData\Local\Programs\Microsoft VS Code\bin;C:\Users\allth\AppData\Roaming\npm;;."/>
    <property name="java.vendor" value="Oracle Corporation"/>
    <property name="java.vm.info" value="mixed mode"/>
    <property name="java.vm.version" value="11.0.1+13-LTS"/>
    <property name="sun.io.unicode.encoding" value="UnicodeLittle"/>
    <property name="java.class.version" value="55.0"/>
  </properties>
  <testcase name="shouldAnswerWithTrue" classname="com.rictor.demo.AppTest" time="0.002"/>
</testsuite>